mode: set
github.com/rifannurmuhammad/design-pattern/behavioral_pattern/state/after/after_state.go:9.24,13.2 3 1
github.com/rifannurmuhammad/design-pattern/behavioral_pattern/state/after/after_state.go:20.23,22.2 1 1
github.com/rifannurmuhammad/design-pattern/behavioral_pattern/state/after/after_state.go:24.42,26.2 1 1
github.com/rifannurmuhammad/design-pattern/behavioral_pattern/state/after/after_state.go:28.42,30.2 1 1
github.com/rifannurmuhammad/design-pattern/behavioral_pattern/state/after/after_state.go:32.36,34.2 1 1
github.com/rifannurmuhammad/design-pattern/behavioral_pattern/state/after/after_state.go:40.27,43.2 2 0
github.com/rifannurmuhammad/design-pattern/behavioral_pattern/state/after/after_state.go:49.27,52.2 2 1
github.com/rifannurmuhammad/design-pattern/behavioral_pattern/chain_of_responsibility/chain_of_responsibility.go:25.50,26.31 1 1
github.com/rifannurmuhammad/design-pattern/behavioral_pattern/chain_of_responsibility/chain_of_responsibility.go:26.31,30.3 3 0
github.com/rifannurmuhammad/design-pattern/behavioral_pattern/chain_of_responsibility/chain_of_responsibility.go:31.2,33.22 3 1
github.com/rifannurmuhammad/design-pattern/behavioral_pattern/chain_of_responsibility/chain_of_responsibility.go:36.61,38.2 1 1
github.com/rifannurmuhammad/design-pattern/behavioral_pattern/chain_of_responsibility/chain_of_responsibility.go:44.53,45.33 1 1
github.com/rifannurmuhammad/design-pattern/behavioral_pattern/chain_of_responsibility/chain_of_responsibility.go:45.33,49.3 3 0
github.com/rifannurmuhammad/design-pattern/behavioral_pattern/chain_of_responsibility/chain_of_responsibility.go:51.2,53.22 3 1
github.com/rifannurmuhammad/design-pattern/behavioral_pattern/chain_of_responsibility/chain_of_responsibility.go:56.64,58.2 1 1
github.com/rifannurmuhammad/design-pattern/behavioral_pattern/chain_of_responsibility/chain_of_responsibility.go:64.48,65.28 1 1
github.com/rifannurmuhammad/design-pattern/behavioral_pattern/chain_of_responsibility/chain_of_responsibility.go:65.28,68.3 2 0
github.com/rifannurmuhammad/design-pattern/behavioral_pattern/chain_of_responsibility/chain_of_responsibility.go:70.2,70.31 1 1
github.com/rifannurmuhammad/design-pattern/behavioral_pattern/chain_of_responsibility/chain_of_responsibility.go:73.59,75.2 1 0
github.com/rifannurmuhammad/design-pattern/behavioral_pattern/chain_of_responsibility/chain_of_responsibility.go:77.13,89.2 7 1
github.com/rifannurmuhammad/design-pattern/behavioral_pattern/command/command.go:15.40,17.2 1 1
github.com/rifannurmuhammad/design-pattern/behavioral_pattern/command/command.go:24.40,26.2 1 1
github.com/rifannurmuhammad/design-pattern/behavioral_pattern/command/courier.go:21.64,23.2 1 1
github.com/rifannurmuhammad/design-pattern/behavioral_pattern/command/courier.go:25.64,27.2 1 1
github.com/rifannurmuhammad/design-pattern/behavioral_pattern/command/customer.go:3.16,25.2 7 1
github.com/rifannurmuhammad/design-pattern/behavioral_pattern/command/shipper.go:7.44,9.2 1 1
github.com/rifannurmuhammad/design-pattern/behavioral_pattern/command/shipper.go:11.33,12.31 1 1
github.com/rifannurmuhammad/design-pattern/behavioral_pattern/command/shipper.go:12.31,14.3 1 1
github.com/rifannurmuhammad/design-pattern/behavioral_pattern/strategy/context.go:8.39,10.2 1 1
github.com/rifannurmuhammad/design-pattern/behavioral_pattern/strategy/context.go:16.44,18.2 1 1
github.com/rifannurmuhammad/design-pattern/behavioral_pattern/strategy/context.go:20.75,22.2 1 1
github.com/rifannurmuhammad/design-pattern/behavioral_pattern/strategy/context.go:24.13,54.2 10 1
github.com/rifannurmuhammad/design-pattern/behavioral_pattern/strategy/flight.go:11.48,13.2 1 1
github.com/rifannurmuhammad/design-pattern/behavioral_pattern/strategy/flight.go:19.57,21.2 1 0
github.com/rifannurmuhammad/design-pattern/behavioral_pattern/strategy/flight.go:27.76,35.9 6 1
github.com/rifannurmuhammad/design-pattern/behavioral_pattern/strategy/flight.go:35.9,37.3 1 1
github.com/rifannurmuhammad/design-pattern/behavioral_pattern/strategy/flight.go:38.2,38.12 1 1
github.com/rifannurmuhammad/design-pattern/behavioral_pattern/strategy/road.go:7.55,9.2 1 0
github.com/rifannurmuhammad/design-pattern/behavioral_pattern/strategy/road.go:15.74,20.2 4 1
github.com/rifannurmuhammad/design-pattern/behavioral_pattern/strategy/strategy.go:19.40,21.2 1 1
github.com/rifannurmuhammad/design-pattern/creational_pattern/abstract_factory/xiaomi/factory.go:10.59,12.2 1 1
github.com/rifannurmuhammad/design-pattern/creational_pattern/abstract_factory/xiaomi/factory.go:14.63,16.2 1 1
github.com/rifannurmuhammad/design-pattern/creational_pattern/builder/builder.go:14.89,20.2 1 0
github.com/rifannurmuhammad/design-pattern/creational_pattern/builder/builder.go:26.68,29.2 2 1
github.com/rifannurmuhammad/design-pattern/creational_pattern/builder/builder.go:31.69,34.2 2 1
github.com/rifannurmuhammad/design-pattern/creational_pattern/builder/builder.go:36.59,39.2 2 1
github.com/rifannurmuhammad/design-pattern/creational_pattern/builder/builder.go:41.73,42.35 1 1
github.com/rifannurmuhammad/design-pattern/creational_pattern/builder/builder.go:42.35,44.3 1 0
github.com/rifannurmuhammad/design-pattern/creational_pattern/builder/builder.go:45.2,45.15 1 1
github.com/rifannurmuhammad/design-pattern/creational_pattern/builder/builder.go:48.13,51.16 3 1
github.com/rifannurmuhammad/design-pattern/creational_pattern/builder/builder.go:51.16,53.3 1 0
github.com/rifannurmuhammad/design-pattern/creational_pattern/builder/builder.go:54.2,54.26 1 1
github.com/rifannurmuhammad/design-pattern/creational_pattern/factory/factory.go:20.28,22.2 1 0
github.com/rifannurmuhammad/design-pattern/creational_pattern/factory/factory.go:28.31,30.2 1 1
github.com/rifannurmuhammad/design-pattern/creational_pattern/factory/factory.go:44.27,46.2 1 0
github.com/rifannurmuhammad/design-pattern/creational_pattern/factory/factory.go:50.32,52.2 1 1
github.com/rifannurmuhammad/design-pattern/creational_pattern/factory/factory.go:54.13,60.2 4 1
github.com/rifannurmuhammad/design-pattern/creational_pattern/prototype/prototype.go:17.41,19.2 1 0
github.com/rifannurmuhammad/design-pattern/creational_pattern/prototype/prototype.go:21.37,27.2 1 1
github.com/rifannurmuhammad/design-pattern/creational_pattern/prototype/prototype.go:29.13,37.8 4 1
github.com/rifannurmuhammad/design-pattern/creational_pattern/prototype/prototype.go:37.8,39.3 1 1
github.com/rifannurmuhammad/design-pattern/creational_pattern/prototype/prototype.go:41.2,42.24 2 1
github.com/rifannurmuhammad/design-pattern/creational_pattern/singleton/singleton.go:18.36,20.2 1 1
github.com/rifannurmuhammad/design-pattern/creational_pattern/singleton/singleton.go:22.27,24.2 1 1
github.com/rifannurmuhammad/design-pattern/creational_pattern/singleton/singleton.go:27.34,31.2 2 0
github.com/rifannurmuhammad/design-pattern/creational_pattern/singleton/singleton.go:34.34,35.21 1 1
github.com/rifannurmuhammad/design-pattern/creational_pattern/singleton/singleton.go:35.21,42.3 3 1
github.com/rifannurmuhammad/design-pattern/creational_pattern/singleton/singleton.go:43.2,43.17 1 1
github.com/rifannurmuhammad/design-pattern/structural_pattern/adapter/adapter.go:15.40,17.2 1 1
github.com/rifannurmuhammad/design-pattern/structural_pattern/adapter/adapter.go:25.32,28.2 2 1
github.com/rifannurmuhammad/design-pattern/structural_pattern/adapter/adapter.go:34.43,41.2 5 1
github.com/rifannurmuhammad/design-pattern/structural_pattern/adapter/adapter.go:43.13,51.2 5 1
github.com/rifannurmuhammad/design-pattern/structural_pattern/adapter/adapter.go:57.52,63.2 5 1
github.com/rifannurmuhammad/design-pattern/structural_pattern/adapter/adapter.go:65.21,72.2 4 1
github.com/rifannurmuhammad/design-pattern/structural_pattern/bridge/bridge.go:18.30,21.20 2 1
github.com/rifannurmuhammad/design-pattern/structural_pattern/bridge/bridge.go:21.20,23.3 1 1
github.com/rifannurmuhammad/design-pattern/structural_pattern/bridge/bridge.go:23.8,25.3 1 1
github.com/rifannurmuhammad/design-pattern/structural_pattern/bridge/bridge.go:29.38,34.2 1 1
github.com/rifannurmuhammad/design-pattern/structural_pattern/bridge/bridge.go:36.13,58.2 7 1
github.com/rifannurmuhammad/design-pattern/structural_pattern/bridge/bridge_color.go:9.34,11.2 1 1
github.com/rifannurmuhammad/design-pattern/structural_pattern/bridge/bridge_os.go:11.28,13.2 1 1
github.com/rifannurmuhammad/design-pattern/structural_pattern/bridge/bridge_os.go:17.24,19.2 1 1
github.com/rifannurmuhammad/design-pattern/structural_pattern/composite/composite.go:15.45,17.2 1 1
github.com/rifannurmuhammad/design-pattern/structural_pattern/composite/composite.go:19.54,22.42 2 1
github.com/rifannurmuhammad/design-pattern/structural_pattern/composite/composite.go:22.42,24.3 1 1
github.com/rifannurmuhammad/design-pattern/structural_pattern/composite/composite.go:25.2,25.40 1 1
github.com/rifannurmuhammad/design-pattern/structural_pattern/composite/composite.go:32.35,34.2 1 1
github.com/rifannurmuhammad/design-pattern/structural_pattern/composite/composite.go:36.44,38.40 2 1
github.com/rifannurmuhammad/design-pattern/structural_pattern/composite/composite.go:38.40,40.3 1 1
github.com/rifannurmuhammad/design-pattern/structural_pattern/composite/composite.go:41.2,41.38 1 1
github.com/rifannurmuhammad/design-pattern/structural_pattern/composite/composite.go:48.33,50.2 1 1
github.com/rifannurmuhammad/design-pattern/structural_pattern/composite/composite.go:52.42,54.2 1 0
github.com/rifannurmuhammad/design-pattern/structural_pattern/decorator/coffee.go:12.32,14.2 1 1
github.com/rifannurmuhammad/design-pattern/structural_pattern/decorator/coffee.go:16.34,18.2 1 1
github.com/rifannurmuhammad/design-pattern/structural_pattern/decorator/decorator.go:11.36,13.2 1 1
github.com/rifannurmuhammad/design-pattern/structural_pattern/decorator/decorator.go:15.38,17.2 1 1
github.com/rifannurmuhammad/design-pattern/structural_pattern/decorator/decorator.go:23.35,25.2 1 1
github.com/rifannurmuhammad/design-pattern/structural_pattern/decorator/decorator.go:27.37,29.2 1 1
github.com/rifannurmuhammad/design-pattern/structural_pattern/facade/facade.go:17.34,18.23 1 1
github.com/rifannurmuhammad/design-pattern/structural_pattern/facade/facade.go:19.22,20.40 1 0
github.com/rifannurmuhammad/design-pattern/structural_pattern/facade/facade.go:21.14,22.32 1 1
github.com/rifannurmuhammad/design-pattern/structural_pattern/facade/facade.go:23.13,24.31 1 0
github.com/rifannurmuhammad/design-pattern/structural_pattern/facade/facade.go:26.2,26.76 1 1
github.com/rifannurmuhammad/design-pattern/structural_pattern/facade/facade.go:29.39,31.2 1 0
github.com/rifannurmuhammad/design-pattern/structural_pattern/facade/facade.go:33.31,35.2 1 1
github.com/rifannurmuhammad/design-pattern/structural_pattern/facade/facade.go:37.30,39.2 1 0
github.com/rifannurmuhammad/design-pattern/structural_pattern/proxy/proxy.go:18.57,25.2 2 1
github.com/rifannurmuhammad/design-pattern/structural_pattern/proxy/proxy.go:32.34,33.6 1 1
github.com/rifannurmuhammad/design-pattern/structural_pattern/proxy/proxy.go:33.6,34.10 1 1
github.com/rifannurmuhammad/design-pattern/structural_pattern/proxy/proxy.go:35.38,36.24 1 1
github.com/rifannurmuhammad/design-pattern/structural_pattern/proxy/proxy.go:41.49,42.23 1 1
github.com/rifannurmuhammad/design-pattern/structural_pattern/proxy/proxy.go:42.23,46.3 2 1
github.com/rifannurmuhammad/design-pattern/structural_pattern/proxy/proxy.go:48.2,49.16 2 1
github.com/rifannurmuhammad/design-pattern/structural_pattern/proxy/proxy.go:52.13,70.2 8 1
